2022-08-16 12:41:03,962 - kedro.framework.session.session - INFO - Kedro project hello-world
2022-08-16 12:42:31,603 - kedro.framework.session.session - INFO - Kedro project hello-world
2022-08-16 12:43:52,010 - kedro.framework.session.session - INFO - Kedro project hello-world
2022-08-16 12:53:53,524 - kedro.framework.session.session - INFO - Kedro project hello-world
2022-08-16 12:59:34,546 - kedro.framework.session.session - INFO - Kedro project hello-world
2022-08-16 13:01:56,134 - kedro.framework.session.session - INFO - Kedro project hello-world
2022-08-16 13:03:26,161 - kedro.framework.session.session - INFO - Kedro project hello-world
2022-08-16 13:14:54,143 - kedro.framework.session.session - INFO - Kedro project hello-world
2022-08-16 13:21:41,230 - kedro.framework.session.session - INFO - Kedro project hello-world
2022-08-16 13:22:53,848 - kedro.framework.session.session - INFO - Kedro project hello-world
2022-08-16 13:22:54,592 - kedro.pipeline.node - INFO - Running node: define_greet: return_greeting(None) -> [return-greet]
2022-08-16 13:22:54,595 - kedro.pipeline.node - ERROR - Node 'define_greet: return_greeting(None) -> [return-greet]' failed with error: 
Failed to save outputs of node define_greet: return_greeting(None) -> [return-greet].
The node definition contains a list of outputs ['return-greet'], whereas the node function returned a 'str'.
2022-08-16 13:22:54,599 - kedro.runner.sequential_runner - WARNING - There are 2 nodes that have not run.
You can resume the pipeline run by adding the following argument to your previous command:

2022-08-16 13:27:15,539 - kedro.framework.session.session - INFO - Kedro project hello-world
2022-08-16 13:27:15,948 - kedro.pipeline.node - INFO - Running node: define_greet: return_greeting(None) -> [return-greet]
2022-08-16 13:27:15,948 - kedro.io.data_catalog - INFO - Saving data to 'return-greet' (MemoryDataSet)...
2022-08-16 13:27:15,954 - kedro.runner.sequential_runner - INFO - Completed 1 out of 2 tasks
2022-08-16 13:27:15,956 - kedro.io.data_catalog - INFO - Loading data from 'return-greet' (MemoryDataSet)...
2022-08-16 13:27:15,959 - kedro.pipeline.node - INFO - Running node: join_with_greet: join_statements([return-greet]) -> None
2022-08-16 13:27:15,961 - hello_world.pipelines.default.nodes - INFO - {greeting} Kedro!
2022-08-16 13:27:15,965 - kedro.runner.sequential_runner - INFO - Completed 2 out of 2 tasks
2022-08-16 13:27:15,967 - kedro.runner.sequential_runner - INFO - Pipeline execution completed successfully.
2022-08-16 13:27:54,705 - kedro.framework.session.session - INFO - Kedro project hello-world
2022-08-16 13:27:55,121 - kedro.pipeline.node - INFO - Running node: define_greet: return_greeting(None) -> [return-greet]
2022-08-16 13:27:55,121 - kedro.io.data_catalog - INFO - Saving data to 'return-greet' (MemoryDataSet)...
2022-08-16 13:27:55,133 - kedro.runner.sequential_runner - INFO - Completed 1 out of 2 tasks
2022-08-16 13:27:55,134 - kedro.io.data_catalog - INFO - Loading data from 'return-greet' (MemoryDataSet)...
2022-08-16 13:27:55,136 - kedro.pipeline.node - INFO - Running node: join_with_greet: join_statements([return-greet]) -> None
2022-08-16 13:27:55,139 - hello_world.pipelines.default.nodes - INFO - HelloKedro!
2022-08-16 13:27:55,141 - kedro.runner.sequential_runner - INFO - Completed 2 out of 2 tasks
2022-08-16 13:27:55,144 - kedro.runner.sequential_runner - INFO - Pipeline execution completed successfully.
2022-08-19 15:50:52,051 - kedro.framework.session.session - INFO - Kedro project hello-world
2022-08-19 15:50:52,111 - kedro.pipeline.node - INFO - Running node: define_greet: return_greeting(None) -> [return-greet]
2022-08-19 15:50:52,117 - kedro.io.data_catalog - INFO - Saving data to 'return-greet' (MemoryDataSet)...
2022-08-19 15:50:52,125 - kedro.runner.sequential_runner - INFO - Completed 1 out of 2 tasks
2022-08-19 15:50:52,128 - kedro.io.data_catalog - INFO - Loading data from 'return-greet' (MemoryDataSet)...
2022-08-19 15:50:52,137 - kedro.pipeline.node - INFO - Running node: join_with_greet: join_statements([return-greet]) -> None
2022-08-19 15:50:52,140 - hello_world.pipelines.default.nodes - INFO - Hello Kedro!
2022-08-19 15:50:52,142 - kedro.runner.sequential_runner - INFO - Completed 2 out of 2 tasks
2022-08-19 15:50:52,143 - kedro.runner.sequential_runner - INFO - Pipeline execution completed successfully.
2022-08-23 11:14:19,976 - kedro.framework.session.session - INFO - Kedro project hello-world-kedro
2022-08-23 11:14:20,036 - kedro.pipeline.node - INFO - Running node: define_greet: return_greeting(None) -> [return-greet]
2022-08-23 11:14:20,039 - kedro.io.data_catalog - INFO - Saving data to 'return-greet' (MemoryDataSet)...
2022-08-23 11:14:20,042 - kedro.runner.sequential_runner - INFO - Completed 1 out of 2 tasks
2022-08-23 11:14:20,044 - kedro.io.data_catalog - INFO - Loading data from 'return-greet' (MemoryDataSet)...
2022-08-23 11:14:20,047 - kedro.pipeline.node - INFO - Running node: join_with_greet: join_statements([return-greet]) -> None
2022-08-23 11:14:20,050 - hello_world.pipelines.default.nodes - INFO - Hello Kedro!
2022-08-23 11:14:20,053 - kedro.runner.sequential_runner - INFO - Completed 2 out of 2 tasks
2022-08-23 11:14:20,055 - kedro.runner.sequential_runner - INFO - Pipeline execution completed successfully.
2022-08-23 11:16:33,646 - kedro.framework.session.session - INFO - Kedro project hello-world-kedro
2022-08-23 11:16:33,670 - kedro.pipeline.node - INFO - Running node: define_greet: return_greeting(None) -> [return-greet]
2022-08-23 11:16:33,673 - kedro.io.data_catalog - INFO - Saving data to 'return-greet' (MemoryDataSet)...
2022-08-23 11:16:33,676 - kedro.runner.sequential_runner - INFO - Completed 1 out of 2 tasks
2022-08-23 11:16:33,677 - kedro.io.data_catalog - INFO - Loading data from 'return-greet' (MemoryDataSet)...
2022-08-23 11:16:33,680 - kedro.pipeline.node - INFO - Running node: join_with_greet: join_statements([return-greet]) -> None
2022-08-23 11:16:33,684 - hello_world.pipelines.default.nodes - INFO - Hello Kedro!
2022-08-23 11:16:33,686 - kedro.runner.sequential_runner - INFO - Completed 2 out of 2 tasks
2022-08-23 11:16:33,688 - kedro.runner.sequential_runner - INFO - Pipeline execution completed successfully.
